<?xml version="1.0" encoding="UTF-8"?>
<coverage generated="1636755824106" clover="3.2.0">
  <project timestamp="1636755824106" name="All files">
    <metrics statements="2" coveredstatements="2" conditionals="2" coveredconditionals="2" methods="1" coveredmethods="1" elements="5" coveredelements="5" complexity="0" loc="2" ncloc="2" packages="1" files="1" classes="1"/>
    <file name="isNumber.ts" path="/home/tim/Projects/get2gether/backend/src/utils/isNumber.ts">
      <metrics statements="2" coveredstatements="2" conditionals="2" coveredconditionals="2" methods="1" coveredmethods="1"/>
      <line num="2" count="1" type="stmt"/>
      <line num="3" count="12" type="cond" truecount="2" falsecount="0"/>
    </file>
  </project>
</coverage>
