{"/home/tim/Projects/get2gether/backend/src/utils/isNumber.ts": {"path":"/home/tim/Projects/get2gether/backend/src/utils/isNumber.ts","statementMap":{"0":{"start":{"line":2,"column":24},"end":{"line":4,"column":1}},"1":{"start":{"line":3,"column":2},"end":{"line":3,"column":46}},"2":{"start":{"line":2,"column":13},"end":{"line":2,"column":24}}},"fnMap":{"0":{"name":"(anonymous_0)","decl":{"start":{"line":2,"column":24},"end":{"line":2,"column":25}},"loc":{"start":{"line":2,"column":31},"end":{"line":4,"column":1}}}},"branchMap":{"0":{"loc":{"start":{"line":3,"column":9},"end":{"line":3,"column":45}},"type":"binary-expr","locations":[{"start":{"line":3,"column":9},"end":{"line":3,"column":30}},{"start":{"line":3,"column":34},"end":{"line":3,"column":45}}]}},"s":{"0":1,"1":12,"2":1},"f":{"0":12},"b":{"0":[12,7]}}
}
